<?xml version="1.0" encoding="UTF-8" ?>
<testsuite 
errors="0" failures="0" hostname="almass-PC" name="com.kreditech.assignment.driver.MarkDownAssignmentSuite" tests="3" time="0.17" timestamp="2016-02-07T20:16:06">
  <properties>
    <property name="java.runtime.name" value="Java(TM) SE Runtime Environment">
    </property>
    <property 
    name="sun.boot.library.path" value="C:\Program Files\Java\jdk1.8.0_20\jre\bin">
</property>
    <property name="java.vm.version" value="25.20-b23"> </property>
    <property name="java.vm.vendor" value="Oracle Corporation"> </property>
    <property name="java.vendor.url" value="http://java.oracle.com/">
    </property>
    <property name="path.separator" value=";"> </property>
    <property name="java.vm.name" value="Java HotSpot(TM) Client VM">
    </property>
    <property name="file.encoding.pkg" value="sun.io"> </property>
    <property name="user.script" value=""> </property>
    <property name="user.country" value="IN"> </property>
    <property name="sun.java.launcher" value="SUN_STANDARD"> </property>
    <property name="sun.os.patch.level" value="Service Pack 2"> </property>
    <property 
    name="java.vm.specification.name" value="Java Virtual Machine Specification">
</property>
    <property 
    name="user.dir" value="C:\almas\latest\eclipse\workspace\KreditechAssignment">
</property>
    <property name="java.runtime.version" value="1.8.0_20-b26"> </property>
    <property 
    name="java.awt.graphicsenv" value="sun.awt.Win32GraphicsEnvironment">
</property>
    <property 
    name="basedir" value="C:\almas\latest\eclipse\workspace\KreditechAssignment">
</property>
    <property 
    name="java.endorsed.dirs" value="C:\Program Files\Java\jdk1.8.0_20\jre\lib\endorsed">
</property>
    <property name="os.arch" value="x86"> </property>
    <property 
    name="java.io.tmpdir" value="C:\Users\almass\AppData\Local\Temp\">
</property>
    <property name="line.separator" value=" "> </property>
    <property name="java.vm.specification.vendor" value="Oracle Corporation">
    </property>
    <property name="user.variant" value=""> </property>
    <property name="os.name" value="Windows Vista"> </property>
    <property name="sun.jnu.encoding" value="Cp1252"> </property>
    <property 
    name="java.library.path" value="C:\Program Files\Java\jdk1.8.0_20\jre\bin;C:\Windows\Sun\Java\bin;C:\Windows\system32;C:\Windows;C:/Program Files/Java/jdk1.8.0_20/bin/../jre/bin/client;C:/Program Files/Java/jdk1.8.0_20/bin/../jre/bin;C:/Program Files/Java/jdk1.8.0_20/bin/../jre/lib/i386;C:\Python27\;C:\almas\softwares\apache-cassandra-2.2.3\bin;C:\Program Files\Heroku\bin;C:\Program Files\git\cmd;C:\Program Files\Java\jdk1.8.0_20\bin;C:\ProgramData\Oracle\Java\javapath;C:\Windows\system32;C:\Windows;C:\Windows\System32\Wbem;C:\Program Files\CyberLink\Power2Go\;C:\almas\latest\scala-2.11.4\bin;C:\almas\softwares\apache-maven-3.2.5\bin;C:\Program Files\MySQL\MySQL Fabric 1.5.3 &amp; MySQL Utilities 1.5.3 1.5\;C:\Program Files\MySQL\MySQL Fabric 1.5.3 &amp; MySQL Utilities 1.5.3 1.5\Doctrine extensions for PHP\;C:\Program Files\Skype\Phone\;C:\Program Files\CloudFoundry;C:\Program Files\MySQL\MySQL Server 5.6\bin;C:\almas\softwares\apache-cassandra-2.2.3\bin;C:\almas\latest\eclipse;;.">
</property>
    <property 
    name="java.specification.name" value="Java Platform API Specification">
</property>
    <property name="java.class.version" value="52.0"> </property>
    <property name="sun.management.compiler" value="HotSpot Client Compiler">
    </property>
    <property name="os.version" value="6.0"> </property>
    <property name="user.home" value="C:\Users\almass"> </property>
    <property name="user.timezone" value="Asia/Calcutta"> </property>
    <property name="java.awt.printerjob" value="sun.awt.windows.WPrinterJob">
    </property>
    <property name="file.encoding" value="Cp1252"> </property>
    <property name="java.specification.version" value="1.8"> </property>
    <property name="user.name" value="almass"> </property>
    <property 
    name="java.class.path" value="C:\almas\latest\eclipse\workspace\KreditechAssignment\target\test-classes;C:\almas\latest\eclipse\workspace\KreditechAssignment\target\classes;C:\Users\almass\.m2\repository\org\scalatest\scalatest_2.11\3.0.0-SNAP13\scalatest_2.11-3.0.0-SNAP13.jar;C:\Users\almass\.m2\repository\org\scalactic\scalactic_2.11\3.0.0-SNAP13\scalactic_2.11-3.0.0-SNAP13.jar;C:\Users\almass\.m2\repository\org\scala-lang\modules\scala-xml_2.11\1.0.2\scala-xml_2.11-1.0.2.jar;C:\Users\almass\.m2\repository\org\scala-lang\modules\scala-parser-combinators_2.11\1.0.4\scala-parser-combinators_2.11-1.0.4.jar;C:\Users\almass\.m2\repository\org\seleniumhq\selenium\selenium-java\2.35.0\selenium-java-2.35.0.jar;C:\Users\almass\.m2\repository\org\seleniumhq\selenium\selenium-android-driver\2.35.0\selenium-android-driver-2.35.0.jar;C:\Users\almass\.m2\repository\org\seleniumhq\selenium\selenium-remote-driver\2.35.0\selenium-remote-driver-2.35.0.jar;C:\Users\almass\.m2\repository\cglib\cglib-nodep\2.1_3\cglib-nodep-2.1_3.jar;C:\Users\almass\.m2\repository\org\json\json\20080701\json-20080701.jar;C:\Users\almass\.m2\repository\com\google\guava\guava\14.0\guava-14.0.jar;C:\Users\almass\.m2\repository\org\seleniumhq\selenium\selenium-chrome-driver\2.35.0\selenium-chrome-driver-2.35.0.jar;C:\Users\almass\.m2\repository\org\seleniumhq\selenium\selenium-htmlunit-driver\2.35.0\selenium-htmlunit-driver-2.35.0.jar;C:\Users\almass\.m2\repository\net\sourceforge\htmlunit\htmlunit\2.12\htmlunit-2.12.jar;C:\Users\almass\.m2\repository\xalan\xalan\2.7.1\xalan-2.7.1.jar;C:\Users\almass\.m2\repository\xalan\serializer\2.7.1\serializer-2.7.1.jar;C:\Users\almass\.m2\repository\commons-collections\commons-collections\3.2.1\commons-collections-3.2.1.jar;C:\Users\almass\.m2\repository\org\apache\commons\commons-lang3\3.1\commons-lang3-3.1.jar;C:\Users\almass\.m2\repository\org\apache\httpcomponents\httpmime\4.2.3\httpmime-4.2.3.jar;C:\Users\almass\.m2\repository\commons-codec\commons-codec\1.7\commons-codec-1.7.jar;C:\Users\almass\.m2\repository\net\sourceforge\htmlunit\htmlunit-core-js\2.12\htmlunit-core-js-2.12.jar;C:\Users\almass\.m2\repository\xerces\xercesImpl\2.10.0\xercesImpl-2.10.0.jar;C:\Users\almass\.m2\repository\xml-apis\xml-apis\1.4.01\xml-apis-1.4.01.jar;C:\Users\almass\.m2\repository\net\sourceforge\nekohtml\nekohtml\1.9.18\nekohtml-1.9.18.jar;C:\Users\almass\.m2\repository\net\sourceforge\cssparser\cssparser\0.9.9\cssparser-0.9.9.jar;C:\Users\almass\.m2\repository\org\w3c\css\sac\1.3\sac-1.3.jar;C:\Users\almass\.m2\repository\commons-logging\commons-logging\1.1.1\commons-logging-1.1.1.jar;C:\Users\almass\.m2\repository\org\eclipse\jetty\jetty-websocket\8.1.9.v20130131\jetty-websocket-8.1.9.v20130131.jar;C:\Users\almass\.m2\repository\org\eclipse\jetty\jetty-util\8.1.9.v20130131\jetty-util-8.1.9.v20130131.jar;C:\Users\almass\.m2\repository\org\eclipse\jetty\jetty-io\8.1.9.v20130131\jetty-io-8.1.9.v20130131.jar;C:\Users\almass\.m2\repository\org\eclipse\jetty\jetty-http\8.1.9.v20130131\jetty-http-8.1.9.v20130131.jar;C:\Users\almass\.m2\repository\org\apache\httpcomponents\httpclient\4.2.1\httpclient-4.2.1.jar;C:\Users\almass\.m2\repository\org\apache\httpcomponents\httpcore\4.2.1\httpcore-4.2.1.jar;C:\Users\almass\.m2\repository\org\seleniumhq\selenium\selenium-firefox-driver\2.35.0\selenium-firefox-driver-2.35.0.jar;C:\Users\almass\.m2\repository\commons-io\commons-io\2.2\commons-io-2.2.jar;C:\Users\almass\.m2\repository\org\apache\commons\commons-exec\1.1\commons-exec-1.1.jar;C:\Users\almass\.m2\repository\org\seleniumhq\selenium\selenium-ie-driver\2.35.0\selenium-ie-driver-2.35.0.jar;C:\Users\almass\.m2\repository\net\java\dev\jna\jna\3.4.0\jna-3.4.0.jar;C:\Users\almass\.m2\repository\net\java\dev\jna\platform\3.4.0\platform-3.4.0.jar;C:\Users\almass\.m2\repository\org\seleniumhq\selenium\selenium-iphone-driver\2.35.0\selenium-iphone-driver-2.35.0.jar;C:\Users\almass\.m2\repository\org\seleniumhq\selenium\selenium-safari-driver\2.35.0\selenium-safari-driver-2.35.0.jar;C:\Users\almass\.m2\repository\org\seleniumhq\selenium\selenium-support\2.35.0\selenium-support-2.35.0.jar;C:\Users\almass\.m2\repository\org\seleniumhq\selenium\selenium-api\2.35.0\selenium-api-2.35.0.jar;C:\Users\almass\.m2\repository\org\webbitserver\webbit\0.4.14\webbit-0.4.14.jar;C:\Users\almass\.m2\repository\io\netty\netty\3.5.2.Final\netty-3.5.2.Final.jar;C:\Users\almass\.m2\repository\org\scala-lang\scala-actors\2.11.2\scala-actors-2.11.2.jar;C:\Users\almass\.m2\repository\junit\junit\4.12\junit-4.12.jar;C:\Users\almass\.m2\repository\org\hamcrest\hamcrest-core\1.3\hamcrest-core-1.3.jar;C:\Users\almass\.m2\repository\org\scala-lang\scala-reflect\2.11.2\scala-reflect-2.11.2.jar;C:\Users\almass\.m2\repository\org\scala-lang\scala-library\2.11.2\scala-library-2.11.2.jar;C:\Users\almass\.m2\repository\org\scala-lang\scala-compiler\2.11.2\scala-compiler-2.11.2.jar">
</property>
    <property name="java.vm.specification.version" value="1.8"> </property>
    <property name="sun.arch.data.model" value="32"> </property>
    <property name="java.home" value="C:\Program Files\Java\jdk1.8.0_20\jre">
    </property>
    <property 
    name="sun.java.command" value="org.scalatest.tools.Runner -R C:\almas\latest\eclipse\workspace\KreditechAssignment\target\classes C:\almas\latest\eclipse\workspace\KreditechAssignment\target\test-classes -o -f C:\almas\latest\eclipse\workspace\KreditechAssignment\target\surefire-reports\Kreditech-TestSuite.txt -u C:\almas\latest\eclipse\workspace\KreditechAssignment\target\surefire-reports\.">
</property>
    <property name="java.specification.vendor" value="Oracle Corporation">
    </property>
    <property name="user.language" value="en"> </property>
    <property name="awt.toolkit" value="sun.awt.windows.WToolkit"> </property>
    <property name="java.vm.info" value="mixed mode"> </property>
    <property name="java.version" value="1.8.0_20"> </property>
    <property 
    name="java.ext.dirs" value="C:\Program Files\Java\jdk1.8.0_20\jre\lib\ext;C:\Windows\Sun\Java\lib\ext">
</property>
    <property 
    name="sun.boot.class.path" value="C:\Program Files\Java\jdk1.8.0_20\jre\lib\resources.jar;C:\Program Files\Java\jdk1.8.0_20\jre\lib\rt.jar;C:\Program Files\Java\jdk1.8.0_20\jre\lib\sunrsasign.jar;C:\Program Files\Java\jdk1.8.0_20\jre\lib\jsse.jar;C:\Program Files\Java\jdk1.8.0_20\jre\lib\jce.jar;C:\Program Files\Java\jdk1.8.0_20\jre\lib\charsets.jar;C:\Program Files\Java\jdk1.8.0_20\jre\lib\jfr.jar;C:\Program Files\Java\jdk1.8.0_20\jre\classes">
</property>
    <property name="java.vendor" value="Oracle Corporation"> </property>
    <property name="file.separator" value="\"> </property>
    <property 
    name="java.vendor.url.bug" value="http://bugreport.sun.com/bugreport/">
</property>
    <property name="sun.cpu.endian" value="little"> </property>
    <property name="sun.io.unicode.encoding" value="UnicodeLittle"> </property>
    <property name="sun.desktop" value="windows"> </property>
    <property 
    name="sun.cpu.isalist" value="pentium_pro+mmx pentium_pro pentium+mmx pentium i486 i386 i86">
</property>
  </properties>
  <testcase 
  name="Integration test where Input should be atleast input file" classname="com.kreditech.assignment.driver.MarkDownAssignmentSuite" time="0.024">
</testcase>
  <testcase 
  name="Integration test where Output should be on console and no exception should be thrown" classname="com.kreditech.assignment.driver.MarkDownAssignmentSuite" time="0.019">
</testcase>
  <testcase 
  name="Integration test where Output should be in file" classname="com.kreditech.assignment.driver.MarkDownAssignmentSuite" time="0.028">
</testcase>
  <system-out><![CDATA[]]></system-out>
  <system-err><![CDATA[]]></system-err>
</testsuite>
